[2022-09-14 12:15:34] [WARNING]: 账号密码未配置, 将使用二维码登录. 
[2022-09-14 12:15:34] [WARNING]: 将在 5秒 后继续. 
[2022-09-14 12:15:39] [WARNING]: 虚拟设备信息不存在, 将自动生成随机设备. 
[2022-09-14 12:17:46] [FATAL]: 二维码过期 
[2022-09-14 18:30:49] [WARNING]: 账号已开启设备锁，请选择验证方式: 
[2022-09-14 18:30:49] [WARNING]: 1. 向手机 151******18 发送短信验证码 
[2022-09-14 18:30:49] [WARNING]: 2. 使用手机QQ扫码验证. 
[2022-09-14 18:30:49] [WARNING]: 请输入(1 - 2) (将在10秒后自动选择2)： 
[2022-09-14 18:30:59] [WARNING]: 账号已开启设备锁，请前往 -> https://accounts.qq.com/safe/verify?_wv=2&_wwv=128&envfrom=device-lock&uin=1569992807&sig=mN9vHpppYZV9sEhzsSub9yhVwRWu3MfUiKTlXI1mem%2FXoo1typD%2F0gDZWqOuWpnMDOQXAmjdewxZwOUA02PPCcSf3Lbg5ZSGioda3vPTn7gHXAN7DxvuDmL6aHEi4tcY <- 验证后重启Bot. 
[2022-09-14 18:31:26] [WARNING]: 登录需要滑条验证码, 请选择验证方式:  
[2022-09-14 18:31:26] [WARNING]: 1. 使用浏览器抓取滑条并登录 
[2022-09-14 18:31:26] [WARNING]: 2. 使用手机QQ扫码验证 (需要手Q和gocq在同一网络下). 
[2022-09-14 18:31:26] [WARNING]: 请输入(1 - 2) (将在10秒后自动选择1)： 
[2022-09-14 18:32:04] [WARNING]: 登录需要滑条验证码, 请选择验证方式:  
[2022-09-14 18:32:04] [WARNING]: 1. 使用浏览器抓取滑条并登录 
[2022-09-14 18:32:04] [WARNING]: 2. 使用手机QQ扫码验证 (需要手Q和gocq在同一网络下). 
[2022-09-14 18:32:04] [WARNING]: 请输入(1 - 2) (将在10秒后自动选择1)： 
[2022-09-14 18:32:41] [WARNING]: 账号已开启设备锁，请选择验证方式: 
[2022-09-14 18:32:41] [WARNING]: 1. 向手机 151******18 发送短信验证码 
[2022-09-14 18:32:41] [WARNING]: 2. 使用手机QQ扫码验证. 
[2022-09-14 18:32:41] [WARNING]: 请输入(1 - 2) (将在10秒后自动选择2)： 
[2022-09-14 18:32:44] [WARNING]: 账号已开启设备锁，请前往 -> https://accounts.qq.com/safe/verify?_wv=2&_wwv=128&envfrom=device-lock&uin=1569992807&sig=TfiZfamF%2B8xryPfvdsapWGuJ6UbluD%2F57w1W7dSXz4Mvir%2Frnw3M6zrCLUkBoBqgQ0JGzckkV38nWVb70Q7b5qOvT9Xh7IuGvp%2BzAkZAEHnMPk1ek1QzjKRPY4VFoBym <- 验证后重启Bot. 
[2022-09-14 18:33:04] [WARNING]: 账号已开启设备锁，请选择验证方式: 
[2022-09-14 18:33:04] [WARNING]: 1. 向手机 151******18 发送短信验证码 
[2022-09-14 18:33:04] [WARNING]: 2. 使用手机QQ扫码验证. 
[2022-09-14 18:33:04] [WARNING]: 请输入(1 - 2) (将在10秒后自动选择2)： 
[2022-09-14 18:33:05] [WARNING]: 账号已开启设备锁，请前往 -> https://accounts.qq.com/safe/verify?_wv=2&_wwv=128&envfrom=device-lock&uin=1569992807&sig=uFHj4DGB7azPHZW5C5ZXcb1MpQfiO9%2BcsXb1CCB3vfPNDz3W%2BGSXBeifdkEXtXJDIjZwWNWjQgm2aiP6uvVXPAT5L1V9PlRXetoPckmdP4w1Sx8uJY%2B6Qyq%2FnGpagISC <- 验证后重启Bot. 
[2022-09-14 20:21:34] [WARNING]: 获取闪照地址时出现错误: para error 
